17/01/2023 1:38:49 pm	This log contains information about the import schema operation into project 'SqlServerDatabase' on computer 'IBM-DWPCLN3' by user 'P102O3PH1'.
17/01/2023 1:38:49 pm	Import of database schema has started.
17/01/2023 1:38:55 pm	Gathering database credentials
17/01/2023 1:38:55 pm	Gathering database options
17/01/2023 1:38:56 pm	Gathering generic database scoped configuration option
17/01/2023 1:38:56 pm	Gathering users
17/01/2023 1:38:56 pm	Gathering roles
17/01/2023 1:38:56 pm	Gathering application roles
17/01/2023 1:38:56 pm	Gathering role memberships
17/01/2023 1:38:56 pm	Gathering filegroups
17/01/2023 1:38:56 pm	Gathering full-text catalogs
17/01/2023 1:38:56 pm	Gathering assemblies
17/01/2023 1:38:56 pm	Gathering certificates
17/01/2023 1:38:56 pm	Gathering asymmetric keys
17/01/2023 1:38:56 pm	Gathering symmetric keys
17/01/2023 1:38:56 pm	Gathering encrypted symmetric keys
17/01/2023 1:38:56 pm	Gathering schemas
17/01/2023 1:38:56 pm	Gathering XML schema collections
17/01/2023 1:38:56 pm	Gathering user-defined data types
17/01/2023 1:38:56 pm	Gathering user-defined types
17/01/2023 1:38:56 pm	Gathering table types
17/01/2023 1:38:56 pm	Gathering unique keys for table types
17/01/2023 1:38:56 pm	Gathering primary keys for table types
17/01/2023 1:38:56 pm	Gathering indexes for table types
17/01/2023 1:38:56 pm	Gathering check constraints for table types
17/01/2023 1:38:56 pm	Gathering default constraints for table types
17/01/2023 1:38:56 pm	Gathering partition functions
17/01/2023 1:38:56 pm	Gathering partition schemes
17/01/2023 1:38:56 pm	Gathering functions
17/01/2023 1:38:56 pm	Gathering encrypted functions
17/01/2023 1:38:56 pm	Gathering aggregates
17/01/2023 1:38:56 pm	Gathering procedures
17/01/2023 1:38:56 pm	Gathering encrypted procedures
17/01/2023 1:38:56 pm	Gathering tables
17/01/2023 1:38:56 pm	Gathering primary keys
17/01/2023 1:38:56 pm	Gathering unique constraints
17/01/2023 1:38:56 pm	Gathering foreign keys
17/01/2023 1:38:56 pm	Gathering default constraints
17/01/2023 1:38:56 pm	Gathering check constraints
17/01/2023 1:38:56 pm	Gathering views
17/01/2023 1:38:56 pm	Gathering encrypted views
17/01/2023 1:38:56 pm	Gathering indexes
17/01/2023 1:38:56 pm	Gathering statistics
17/01/2023 1:38:56 pm	Gathering full-text index stoplists
17/01/2023 1:38:56 pm	Gathering search property lists
17/01/2023 1:38:56 pm	Gathering search properties
17/01/2023 1:38:56 pm	Gathering full-text indexes
17/01/2023 1:38:56 pm	Gathering column store indexes
17/01/2023 1:38:56 pm	Gathering spatial indexes
17/01/2023 1:38:56 pm	Gathering XML indexes
17/01/2023 1:38:56 pm	Gathering Selective XML indexes
17/01/2023 1:38:56 pm	Gathering encrypted triggers
17/01/2023 1:38:56 pm	Gathering triggers
17/01/2023 1:38:56 pm	Gathering encrypted and clr ddl triggers
17/01/2023 1:38:56 pm	Gathering ddl triggers
17/01/2023 1:38:56 pm	Creating edge constraints
17/01/2023 1:38:56 pm	Gathering synonyms
17/01/2023 1:38:56 pm	Gathering defaults
17/01/2023 1:38:56 pm	Gathering data constraint uddt bindings
17/01/2023 1:38:56 pm	Gathering rules
17/01/2023 1:38:56 pm	Gathering data constraint uddt bindings
17/01/2023 1:38:56 pm	Gathering message types
17/01/2023 1:38:56 pm	Gathering queues
17/01/2023 1:38:56 pm	Gathering contracts
17/01/2023 1:38:56 pm	Gathering services
17/01/2023 1:38:56 pm	Gathering event notifications
17/01/2023 1:38:56 pm	Gathering remote service bindings
17/01/2023 1:38:56 pm	Gathering broker priorities
17/01/2023 1:38:56 pm	Gathering signatures
17/01/2023 1:38:56 pm	Gathering data compression options
17/01/2023 1:38:56 pm	Gathering sequence types
17/01/2023 1:38:56 pm	Gathering security policies
17/01/2023 1:38:56 pm	Gather column encryption keys
17/01/2023 1:38:56 pm	Gathering column master keys
17/01/2023 1:38:56 pm	Gathering external data sources
17/01/2023 1:38:56 pm	Gathering external file formats
17/01/2023 1:38:56 pm	Gathering external tables
17/01/2023 1:38:56 pm	Gathering extended properties
17/01/2023 1:38:56 pm	Gathering assemblies
17/01/2023 1:38:56 pm	Gathering credentials
17/01/2023 1:38:56 pm	Gathering logins
17/01/2023 1:38:56 pm	Gathering server audits
17/01/2023 1:38:56 pm	Finished importing database.
17/01/2023 1:38:56 pm	A summary of the import was saved to the following location: C:\Users\P102O3PH1\source\repos\SqlServerDatabase\SqlServerDatabase\Import Schema Logs\SqlServerDatabase_20230117053849.log
17/01/2023 1:38:56 pm	Click Finish to continue...
